[19-Nov-2022 08:39:56 America/Argentina/Cordoba] PHP Warning:  Trying to access array offset on value of type null in C:\xampp\htdocs\api\src\Controllers\UserController.php on line 56
[19-Nov-2022 08:39:56 America/Argentina/Cordoba] PHP Deprecated:  preg_match(): Passing null to parameter #2 ($subject) of type string is deprecated in C:\xampp\htdocs\api\src\Controllers\UserController.php on line 56
[19-Nov-2022 08:47:05 America/Argentina/Cordoba] PHP Warning:  Trying to access array offset on value of type null in C:\xampp\htdocs\api\src\Controllers\UserController.php on line 56
[19-Nov-2022 08:47:05 America/Argentina/Cordoba] PHP Deprecated:  preg_match(): Passing null to parameter #2 ($subject) of type string is deprecated in C:\xampp\htdocs\api\src\Controllers\UserController.php on line 56
[19-Nov-2022 08:59:54 America/Argentina/Cordoba] PHP Warning:  Trying to access array offset on value of type null in C:\xampp\htdocs\api\src\Controllers\UserController.php on line 56
[19-Nov-2022 08:59:54 America/Argentina/Cordoba] PHP Deprecated:  preg_match(): Passing null to parameter #2 ($subject) of type string is deprecated in C:\xampp\htdocs\api\src\Controllers\UserController.php on line 56
[19-Nov-2022 09:01:03 America/Argentina/Cordoba] PHP Warning:  Trying to access array offset on value of type null in C:\xampp\htdocs\api\src\Controllers\UserController.php on line 56
[19-Nov-2022 09:01:03 America/Argentina/Cordoba] PHP Deprecated:  preg_match(): Passing null to parameter #2 ($subject) of type string is deprecated in C:\xampp\htdocs\api\src\Controllers\UserController.php on line 56
[19-Nov-2022 09:32:15 America/Argentina/Cordoba] PHP Warning:  Array to string conversion in C:\xampp\htdocs\api\src\Routes\user.php on line 19
[19-Nov-2022 09:43:58 America/Argentina/Cordoba] PHP Warning:  Array to string conversion in C:\xampp\htdocs\api\src\Routes\user.php on line 17
[22-Nov-2022 10:47:29 America/Argentina/Cordoba] Token invalido o expirado Firebase\JWT\ExpiredException: Expired token in C:\xampp\htdocs\api\vendor\firebase\php-jwt\src\JWT.php:162
Stack trace:
#0 C:\xampp\htdocs\api\src\Config\Security.php(58): Firebase\JWT\JWT::decode('eyJ0eXAiOiJKV1Q...', Object(Firebase\JWT\Key))
#1 C:\xampp\htdocs\api\src\Controllers\UserController.php(43): App\Config\Security::checkToken('secreto')
#2 C:\xampp\htdocs\api\src\Routes\user.php(23): App\Controllers\UserController->getAllUser('user/')
#3 C:\xampp\htdocs\api\public\index.php(18): require_once('C:\\xampp\\htdocs...')
#4 {main}
[22-Nov-2022 10:51:13 America/Argentina/Cordoba] PHP Warning:  Undefined array key 1 in C:\xampp\htdocs\api\src\Routes\user.php on line 20
[22-Nov-2022 10:57:52 America/Argentina/Cordoba] PHP Warning:  Undefined array key 1 in C:\xampp\htdocs\api\src\Routes\user.php on line 15
[22-Nov-2022 10:59:47 America/Argentina/Cordoba] PHP Warning:  Undefined array key 1 in C:\xampp\htdocs\api\src\Routes\user.php on line 25
[22-Nov-2022 11:35:22 America/Argentina/Cordoba] PHP Warning:  Undefined array key 1 in C:\xampp\htdocs\api\src\Routes\user.php on line 25
[22-Nov-2022 11:36:03 America/Argentina/Cordoba] PHP Warning:  Undefined array key 1 in C:\xampp\htdocs\api\src\Routes\user.php on line 15
[22-Nov-2022 11:36:03 America/Argentina/Cordoba] PHP Warning:  Undefined array key 1 in C:\xampp\htdocs\api\src\Routes\user.php on line 25
[22-Nov-2022 11:48:38 America/Argentina/Cordoba] PHP Warning:  Undefined variable $routes in C:\xampp\htdocs\api\src\Routes\user.php on line 8
[22-Nov-2022 11:48:38 America/Argentina/Cordoba] PHP Deprecated:  explode(): Passing null to parameter #2 ($string) of type string is deprecated in C:\xampp\htdocs\api\src\Routes\user.php on line 8
[22-Nov-2022 11:48:38 America/Argentina/Cordoba] PHP Warning:  Undefined variable $routes in C:\xampp\htdocs\api\src\Routes\user.php on line 19
[22-Nov-2022 11:48:38 America/Argentina/Cordoba] PHP Warning:  Undefined variable $routes in C:\xampp\htdocs\api\src\Routes\user.php on line 20
[22-Nov-2022 11:48:38 America/Argentina/Cordoba] PHP Deprecated:  substr(): Passing null to parameter #1 ($string) of type string is deprecated in C:\xampp\htdocs\api\src\Routes\user.php on line 20
[22-Nov-2022 11:48:38 America/Argentina/Cordoba] PHP Warning:  Undefined array key 1 in C:\xampp\htdocs\api\src\Routes\user.php on line 22
[22-Nov-2022 11:49:21 America/Argentina/Cordoba] PHP Warning:  Undefined variable $routes in C:\xampp\htdocs\api\src\Routes\user.php on line 8
[22-Nov-2022 11:49:21 America/Argentina/Cordoba] PHP Deprecated:  explode(): Passing null to parameter #2 ($string) of type string is deprecated in C:\xampp\htdocs\api\src\Routes\user.php on line 8
[22-Nov-2022 11:49:21 America/Argentina/Cordoba] PHP Warning:  Undefined variable $routes in C:\xampp\htdocs\api\src\Routes\user.php on line 19
[22-Nov-2022 11:49:21 America/Argentina/Cordoba] PHP Warning:  Undefined variable $routes in C:\xampp\htdocs\api\src\Routes\user.php on line 20
[22-Nov-2022 11:49:21 America/Argentina/Cordoba] PHP Deprecated:  substr(): Passing null to parameter #1 ($string) of type string is deprecated in C:\xampp\htdocs\api\src\Routes\user.php on line 20
[22-Nov-2022 11:49:21 America/Argentina/Cordoba] PHP Warning:  Undefined array key 1 in C:\xampp\htdocs\api\src\Routes\user.php on line 22
[22-Nov-2022 11:49:27 America/Argentina/Cordoba] PHP Warning:  Undefined variable $routes in C:\xampp\htdocs\api\src\Routes\user.php on line 8
[22-Nov-2022 11:49:27 America/Argentina/Cordoba] PHP Deprecated:  explode(): Passing null to parameter #2 ($string) of type string is deprecated in C:\xampp\htdocs\api\src\Routes\user.php on line 8
[22-Nov-2022 11:49:27 America/Argentina/Cordoba] PHP Warning:  Undefined variable $routes in C:\xampp\htdocs\api\src\Routes\user.php on line 19
[22-Nov-2022 11:49:27 America/Argentina/Cordoba] PHP Warning:  Undefined variable $routes in C:\xampp\htdocs\api\src\Routes\user.php on line 20
[22-Nov-2022 11:49:27 America/Argentina/Cordoba] PHP Deprecated:  substr(): Passing null to parameter #1 ($string) of type string is deprecated in C:\xampp\htdocs\api\src\Routes\user.php on line 20
[22-Nov-2022 11:49:27 America/Argentina/Cordoba] PHP Warning:  Undefined array key 1 in C:\xampp\htdocs\api\src\Routes\user.php on line 22
[22-Nov-2022 11:49:56 America/Argentina/Cordoba] PHP Warning:  Undefined array key 1 in C:\xampp\htdocs\api\src\Routes\user.php on line 22
[22-Nov-2022 11:52:09 America/Argentina/Cordoba] PHP Warning:  Undefined array key 1 in C:\xampp\htdocs\api\src\Routes\user.php on line 21
[22-Nov-2022 11:52:32 America/Argentina/Cordoba] La ruta no existe
[22-Nov-2022 12:28:58 America/Argentina/Cordoba] PHP Warning:  Undefined array key 2 in C:\xampp\htdocs\api\src\Routes\auth.php on line 13
[22-Nov-2022 12:36:16 America/Argentina/Cordoba] PHP Warning:  Undefined array key 2 in C:\xampp\htdocs\api\src\Routes\auth.php on line 16
[26-Nov-2022 07:32:42 America/Argentina/Cordoba] Token invalido o expirado Firebase\JWT\ExpiredException: Expired token in C:\xampp\htdocs\api\vendor\firebase\php-jwt\src\JWT.php:162
Stack trace:
#0 C:\xampp\htdocs\api\src\Config\Security.php(58): Firebase\JWT\JWT::decode('eyJ0eXAiOiJKV1Q...', Object(Firebase\JWT\Key))
#1 C:\xampp\htdocs\api\src\Controllers\UserController.php(51): App\Config\Security::checkToken('secreto')
#2 C:\xampp\htdocs\api\src\Routes\user.php(22): App\Controllers\UserController->getUser('user/2a0345260/')
#3 C:\xampp\htdocs\api\public\index.php(18): require_once('C:\\xampp\\htdocs...')
#4 {main}
[26-Nov-2022 09:02:26 America/Argentina/Cordoba] La ruta no existe
[26-Nov-2022 09:37:38 America/Argentina/Cordoba] PHP Warning:  Undefined array key 2 in C:\xampp\htdocs\api\src\Routes\auth.php on line 16
[26-Nov-2022 09:37:48 America/Argentina/Cordoba] PHP Warning:  Undefined array key 2 in C:\xampp\htdocs\api\src\Routes\auth.php on line 16
[26-Nov-2022 09:45:17 America/Argentina/Cordoba] PHP Warning:  Undefined array key 2 in C:\xampp\htdocs\api\src\Routes\auth.php on line 16
[26-Nov-2022 10:13:47 America/Argentina/Cordoba] PHP Warning:  Undefined array key 2 in C:\xampp\htdocs\api\src\Routes\auth.php on line 16
[26-Nov-2022 10:13:47 America/Argentina/Cordoba] PHP Warning:  Undefined array key 2 in C:\xampp\htdocs\api\src\Controllers\UserController.php on line 24
[26-Nov-2022 10:13:51 America/Argentina/Cordoba] PHP Warning:  Undefined array key 2 in C:\xampp\htdocs\api\src\Routes\auth.php on line 16
[26-Nov-2022 10:13:51 America/Argentina/Cordoba] PHP Warning:  Undefined array key 2 in C:\xampp\htdocs\api\src\Controllers\UserController.php on line 24
[26-Nov-2022 10:17:02 America/Argentina/Cordoba] PHP Warning:  Undefined array key 2 in C:\xampp\htdocs\api\src\Routes\auth.php on line 16
[26-Nov-2022 10:17:02 America/Argentina/Cordoba] PHP Warning:  Undefined array key 2 in C:\xampp\htdocs\api\src\Controllers\UserController.php on line 24
